2023-02-21 00:22:38.369 [background-preinit] DEBUG org.jboss.logging - Logging Provider: org.jboss.logging.Log4j2LoggerProvider
2023-02-21 00:22:38.370 [main] DEBUG com.harrison.MyBlogApplication - Running with Spring Boot v2.7.8, Spring v5.3.25
2023-02-21 00:22:38.377 [background-preinit] DEBUG o.h.v.internal.xml.config.ValidationXmlParser - Trying to load META-INF/validation.xml for XML based Validator configuration.
2023-02-21 00:22:38.378 [background-preinit] DEBUG o.h.v.internal.xml.config.ResourceLoaderHelper - Trying to load META-INF/validation.xml via TCCL
2023-02-21 00:22:38.378 [background-preinit] DEBUG o.h.v.internal.xml.config.ResourceLoaderHelper - Trying to load META-INF/validation.xml via Hibernate Validator's class loader
2023-02-21 00:22:38.408 [background-preinit] DEBUG o.h.v.internal.xml.config.ValidationXmlParser - No META-INF/validation.xml found. Using annotation based configuration only.
2023-02-21 00:22:38.411 [background-preinit] DEBUG o.h.v.i.engine.resolver.TraversableResolvers - Cannot find javax.persistence.Persistence on classpath. Assuming non JPA 2 environment. All properties will per default be traversable.
2023-02-21 00:22:38.423 [background-preinit] DEBUG o.h.v.m.ResourceBundleMessageInterpolator - Loaded expression factory via original TCCL
2023-02-21 00:22:38.486 [background-preinit] DEBUG o.h.v.i.engine.ValidatorFactoryConfigurationHelper - HV000252: Using org.hibernate.validator.internal.engine.DefaultPropertyNodeNameProvider as property node name provider.
2023-02-21 00:22:38.489 [background-preinit] DEBUG o.h.v.i.engine.ValidatorFactoryConfigurationHelper - HV000234: Using org.hibernate.validator.messageinterpolation.ResourceBundleMessageInterpolator as ValidatorFactory-scoped message interpolator.
2023-02-21 00:22:38.489 [background-preinit] DEBUG o.h.v.i.engine.ValidatorFactoryConfigurationHelper - HV000234: Using org.hibernate.validator.internal.engine.resolver.TraverseAllTraversableResolver as ValidatorFactory-scoped traversable resolver.
2023-02-21 00:22:38.489 [background-preinit] DEBUG o.h.v.i.engine.ValidatorFactoryConfigurationHelper - HV000234: Using org.hibernate.validator.internal.util.ExecutableParameterNameProvider as ValidatorFactory-scoped parameter name provider.
2023-02-21 00:22:38.489 [background-preinit] DEBUG o.h.v.i.engine.ValidatorFactoryConfigurationHelper - HV000234: Using org.hibernate.validator.internal.engine.DefaultClockProvider as ValidatorFactory-scoped clock provider.
2023-02-21 00:22:38.489 [background-preinit] DEBUG o.h.v.i.engine.ValidatorFactoryConfigurationHelper - HV000234: Using org.hibernate.validator.internal.engine.scripting.DefaultScriptEvaluatorFactory as ValidatorFactory-scoped script evaluator factory.
2023-02-21 00:22:38.972 [main] DEBUG org.apache.ibatis.logging.LogFactory - Logging initialized using 'class org.apache.ibatis.logging.slf4j.Slf4jImpl' adapter.
2023-02-21 00:22:38.974 [main] DEBUG org.mybatis.spring.mapper.ClassPathMapperScanner - Identified candidate component class: file [D:\code\java_study\Harrison-Blog\my-framework\target\classes\com\harrison\mapper\ArticleMapper.class]
2023-02-21 00:22:38.974 [main] DEBUG org.mybatis.spring.mapper.ClassPathMapperScanner - Identified candidate component class: file [D:\code\java_study\Harrison-Blog\my-framework\target\classes\com\harrison\mapper\CategoryMapper.class]
2023-02-21 00:22:38.974 [main] DEBUG org.mybatis.spring.mapper.ClassPathMapperScanner - Identified candidate component class: file [D:\code\java_study\Harrison-Blog\my-framework\target\classes\com\harrison\mapper\CommentMapper.class]
2023-02-21 00:22:38.974 [main] DEBUG org.mybatis.spring.mapper.ClassPathMapperScanner - Identified candidate component class: file [D:\code\java_study\Harrison-Blog\my-framework\target\classes\com\harrison\mapper\LinkMapper.class]
2023-02-21 00:22:38.974 [main] DEBUG org.mybatis.spring.mapper.ClassPathMapperScanner - Identified candidate component class: file [D:\code\java_study\Harrison-Blog\my-framework\target\classes\com\harrison\mapper\UserMapper.class]
2023-02-21 00:22:38.975 [main] DEBUG org.mybatis.spring.mapper.ClassPathMapperScanner - Creating MapperFactoryBean with name 'articleMapper' and 'com.harrison.mapper.ArticleMapper' mapperInterface
2023-02-21 00:22:38.976 [main] DEBUG org.mybatis.spring.mapper.ClassPathMapperScanner - Enabling autowire by type for MapperFactoryBean with name 'articleMapper'.
2023-02-21 00:22:38.976 [main] DEBUG org.mybatis.spring.mapper.ClassPathMapperScanner - Creating MapperFactoryBean with name 'categoryMapper' and 'com.harrison.mapper.CategoryMapper' mapperInterface
2023-02-21 00:22:38.976 [main] DEBUG org.mybatis.spring.mapper.ClassPathMapperScanner - Enabling autowire by type for MapperFactoryBean with name 'categoryMapper'.
2023-02-21 00:22:38.977 [main] DEBUG org.mybatis.spring.mapper.ClassPathMapperScanner - Creating MapperFactoryBean with name 'commentMapper' and 'com.harrison.mapper.CommentMapper' mapperInterface
2023-02-21 00:22:38.977 [main] DEBUG org.mybatis.spring.mapper.ClassPathMapperScanner - Enabling autowire by type for MapperFactoryBean with name 'commentMapper'.
2023-02-21 00:22:38.977 [main] DEBUG org.mybatis.spring.mapper.ClassPathMapperScanner - Creating MapperFactoryBean with name 'linkMapper' and 'com.harrison.mapper.LinkMapper' mapperInterface
2023-02-21 00:22:38.977 [main] DEBUG org.mybatis.spring.mapper.ClassPathMapperScanner - Enabling autowire by type for MapperFactoryBean with name 'linkMapper'.
2023-02-21 00:22:38.977 [main] DEBUG org.mybatis.spring.mapper.ClassPathMapperScanner - Creating MapperFactoryBean with name 'userMapper' and 'com.harrison.mapper.UserMapper' mapperInterface
2023-02-21 00:22:38.977 [main] DEBUG org.mybatis.spring.mapper.ClassPathMapperScanner - Enabling autowire by type for MapperFactoryBean with name 'userMapper'.
2023-02-21 00:22:39.521 [main] DEBUG i.n.util.internal.logging.InternalLoggerFactory - Using SLF4J as the default logging framework
2023-02-21 00:22:39.525 [main] DEBUG i.l.core.resource.AddressResolverGroupProvider - Starting without optional netty's non-blocking DNS resolver library
2023-02-21 00:22:39.526 [main] DEBUG io.lettuce.core.resource.DefaultClientResources - -Dio.netty.eventLoopThreads: 16
2023-02-21 00:22:39.531 [main] DEBUG i.l.core.resource.DefaultEventLoopGroupProvider - Creating executor io.netty.util.concurrent.DefaultEventExecutorGroup
2023-02-21 00:22:39.541 [main] DEBUG io.netty.util.internal.InternalThreadLocalMap - -Dio.netty.threadLocalMap.stringBuilder.initialSize: 1024
2023-02-21 00:22:39.541 [main] DEBUG io.netty.util.internal.InternalThreadLocalMap - -Dio.netty.threadLocalMap.stringBuilder.maxSize: 4096
2023-02-21 00:22:39.544 [main] DEBUG io.netty.util.ResourceLeakDetector - -Dio.netty.leakDetection.level: simple
2023-02-21 00:22:39.544 [main] DEBUG io.netty.util.ResourceLeakDetector - -Dio.netty.leakDetection.targetRecords: 4
2023-02-21 00:22:39.546 [main] DEBUG io.netty.util.ResourceLeakDetectorFactory - Loaded default ResourceLeakDetector: io.netty.util.ResourceLeakDetector@426131d7
2023-02-21 00:22:39.548 [main] DEBUG io.netty.util.internal.PlatformDependent0 - -Dio.netty.noUnsafe: false
2023-02-21 00:22:39.549 [main] DEBUG io.netty.util.internal.PlatformDependent0 - Java version: 11
2023-02-21 00:22:39.549 [main] DEBUG io.netty.util.internal.PlatformDependent0 - sun.misc.Unsafe.theUnsafe: available
2023-02-21 00:22:39.550 [main] DEBUG io.netty.util.internal.PlatformDependent0 - sun.misc.Unsafe.copyMemory: available
2023-02-21 00:22:39.550 [main] DEBUG io.netty.util.internal.PlatformDependent0 - sun.misc.Unsafe.storeFence: available
2023-02-21 00:22:39.550 [main] DEBUG io.netty.util.internal.PlatformDependent0 - java.nio.Buffer.address: available
2023-02-21 00:22:39.551 [main] DEBUG io.netty.util.internal.PlatformDependent0 - direct buffer constructor: unavailable: Reflective setAccessible(true) disabled
2023-02-21 00:22:39.551 [main] DEBUG io.netty.util.internal.PlatformDependent0 - java.nio.Bits.unaligned: available, true
2023-02-21 00:22:39.551 [main] DEBUG io.netty.util.internal.PlatformDependent0 - jdk.internal.misc.Unsafe.allocateUninitializedArray(int): unavailable: class io.netty.util.internal.PlatformDependent0$7 cannot access class jdk.internal.misc.Unsafe (in module java.base) because module java.base does not export jdk.internal.misc to unnamed module @4a8ffd75
2023-02-21 00:22:39.552 [main] DEBUG io.netty.util.internal.PlatformDependent0 - java.nio.DirectByteBuffer.<init>(long, int): unavailable
2023-02-21 00:22:39.552 [main] DEBUG io.netty.util.internal.PlatformDependent - sun.misc.Unsafe: available
2023-02-21 00:22:39.553 [main] DEBUG io.netty.util.internal.PlatformDependent - maxDirectMemory: 10567548928 bytes (maybe)
2023-02-21 00:22:39.553 [main] DEBUG io.netty.util.internal.PlatformDependent - -Dio.netty.tmpdir: C:\Users\hongs\AppData\Local\Temp (java.io.tmpdir)
2023-02-21 00:22:39.553 [main] DEBUG io.netty.util.internal.PlatformDependent - -Dio.netty.bitMode: 64 (sun.arch.data.model)
2023-02-21 00:22:39.553 [main] DEBUG io.netty.util.internal.PlatformDependent - Platform: Windows
2023-02-21 00:22:39.553 [main] DEBUG io.netty.util.internal.PlatformDependent - -Dio.netty.maxDirectMemory: -1 bytes
2023-02-21 00:22:39.553 [main] DEBUG io.netty.util.internal.PlatformDependent - -Dio.netty.uninitializedArrayAllocationThreshold: -1
2023-02-21 00:22:39.554 [main] DEBUG io.netty.util.internal.CleanerJava9 - java.nio.ByteBuffer.cleaner(): available
2023-02-21 00:22:39.554 [main] DEBUG io.netty.util.internal.PlatformDependent - -Dio.netty.noPreferDirect: false
2023-02-21 00:22:39.554 [main] DEBUG io.netty.util.internal.PlatformDependent - org.jctools-core.MpscChunkedArrayQueue: available
2023-02-21 00:22:39.562 [main] DEBUG reactor.util.Loggers - Using Slf4j logging framework
2023-02-21 00:22:39.564 [main] DEBUG io.lettuce.core.event.jfr.EventRecorderHolder - Starting with JFR support
2023-02-21 00:22:39.578 [main] DEBUG io.lettuce.core.resource.DefaultClientResources - LatencyUtils/HdrUtils are not available, metrics are disabled
2023-02-21 00:22:39.695 [main] DEBUG com.harrison.filter.JwtAuthenticationTokenFilter - Filter 'jwtAuthenticationTokenFilter' configured for use
2023-02-21 00:22:39.749 [main] DEBUG com.zaxxer.hikari.HikariConfig - Driver class com.mysql.cj.jdbc.Driver found in Thread context class loader jdk.internal.loader.ClassLoaders$AppClassLoader@61064425
2023-02-21 00:22:40.514 [main] DEBUG _.s.web.servlet.HandlerMapping.Mappings - 
	c.h.c.ArticleController:
	{GET [/article/articleList]}: getArticleList(CategoryQuery)
	{GET [/article/{id}]}: getArticleDetail(Long)
	{GET [/article/hotArticleList]}: hotArticleList()
2023-02-21 00:22:40.516 [main] DEBUG _.s.web.servlet.HandlerMapping.Mappings - 
	c.h.c.BlogLoginController:
	{POST [/logout]}: logout()
	{POST [/login]}: login(User)
2023-02-21 00:22:40.516 [main] DEBUG _.s.web.servlet.HandlerMapping.Mappings - 
	c.h.c.CategoryController:
	{GET [/category/getCategoryList]}: getCategoryList()
2023-02-21 00:22:40.517 [main] DEBUG _.s.web.servlet.HandlerMapping.Mappings - 
	c.h.c.CommentController:
	{GET [/comment/commentList]}: commentList(CommentQuery)
	{POST [/comment]}: addComment(Comment)
	{GET [/comment/linkCommentList]}: getLinkCommentList(PageQuery)
2023-02-21 00:22:40.517 [main] DEBUG _.s.web.servlet.HandlerMapping.Mappings - 
	c.h.c.LinkController:
	{GET [/link/getAllLink]}: getAllLink()
2023-02-21 00:22:40.518 [main] DEBUG _.s.web.servlet.HandlerMapping.Mappings - 
	c.h.c.UserController:
	{POST [/user/register]}: register(User)
	{GET [/user/userInfo]}: getUserInfo()
	{PUT [/user/userInfo]}: updateUserInfo(User)
2023-02-21 00:22:40.518 [main] DEBUG _.s.web.servlet.HandlerMapping.Mappings - 
	c.h.c.uploadController:
	{POST [/upload]}: uploadFile(MultipartFile)
2023-02-21 00:22:40.521 [main] DEBUG _.s.web.servlet.HandlerMapping.Mappings - 
	o.s.b.a.w.s.e.BasicErrorController:
	{ [/error]}: error(HttpServletRequest)
	{ [/error], produces [text/html]}: errorHtml(HttpServletRequest,HttpServletResponse)
2023-02-21 00:22:40.526 [main] DEBUG _.s.web.servlet.HandlerMapping.Mappings - 'beanNameHandlerMapping' {}
2023-02-21 00:22:40.613 [main] DEBUG _.s.web.servlet.HandlerMapping.Mappings - 'resourceHandlerMapping' {/webjars/**=ResourceHttpRequestHandler [classpath [META-INF/resources/webjars/]], /**=ResourceHttpRequestHandler [classpath [META-INF/resources/], classpath [resources/], classpath [static/], classpath [public/], ServletContext [/]]}
2023-02-21 00:22:40.620 [main] DEBUG o.h.v.m.ResourceBundleMessageInterpolator - Loaded expression factory via original TCCL
2023-02-21 00:22:40.622 [main] DEBUG o.h.v.internal.engine.AbstractConfigurationImpl - Setting custom MessageInterpolator of type org.springframework.validation.beanvalidation.LocaleContextMessageInterpolator
2023-02-21 00:22:40.622 [main] DEBUG o.h.v.internal.engine.AbstractConfigurationImpl - Setting custom ConstraintValidatorFactory of type org.springframework.validation.beanvalidation.SpringConstraintValidatorFactory
2023-02-21 00:22:40.622 [main] DEBUG o.h.v.internal.engine.AbstractConfigurationImpl - Setting custom ParameterNameProvider of type org.springframework.validation.beanvalidation.LocalValidatorFactoryBean$1
2023-02-21 00:22:40.623 [main] DEBUG o.h.v.internal.xml.config.ValidationXmlParser - Trying to load META-INF/validation.xml for XML based Validator configuration.
2023-02-21 00:22:40.623 [main] DEBUG o.h.v.internal.xml.config.ResourceLoaderHelper - Trying to load META-INF/validation.xml via user class loader
2023-02-21 00:22:40.623 [main] DEBUG o.h.v.internal.xml.config.ResourceLoaderHelper - Trying to load META-INF/validation.xml via TCCL
2023-02-21 00:22:40.623 [main] DEBUG o.h.v.internal.xml.config.ResourceLoaderHelper - Trying to load META-INF/validation.xml via Hibernate Validator's class loader
2023-02-21 00:22:40.623 [main] DEBUG o.h.v.internal.xml.config.ValidationXmlParser - No META-INF/validation.xml found. Using annotation based configuration only.
2023-02-21 00:22:40.624 [main] DEBUG o.h.v.i.engine.resolver.TraversableResolvers - Cannot find javax.persistence.Persistence on classpath. Assuming non JPA 2 environment. All properties will per default be traversable.
2023-02-21 00:22:40.625 [main] DEBUG o.h.v.i.engine.ValidatorFactoryConfigurationHelper - HV000252: Using org.hibernate.validator.internal.engine.DefaultPropertyNodeNameProvider as property node name provider.
2023-02-21 00:22:40.625 [main] DEBUG o.h.v.i.engine.ValidatorFactoryConfigurationHelper - HV000234: Using org.springframework.validation.beanvalidation.LocaleContextMessageInterpolator as ValidatorFactory-scoped message interpolator.
2023-02-21 00:22:40.625 [main] DEBUG o.h.v.i.engine.ValidatorFactoryConfigurationHelper - HV000234: Using org.hibernate.validator.internal.engine.resolver.TraverseAllTraversableResolver as ValidatorFactory-scoped traversable resolver.
2023-02-21 00:22:40.625 [main] DEBUG o.h.v.i.engine.ValidatorFactoryConfigurationHelper - HV000234: Using org.hibernate.validator.internal.util.ExecutableParameterNameProvider as ValidatorFactory-scoped parameter name provider.
2023-02-21 00:22:40.625 [main] DEBUG o.h.v.i.engine.ValidatorFactoryConfigurationHelper - HV000234: Using org.hibernate.validator.internal.engine.DefaultClockProvider as ValidatorFactory-scoped clock provider.
2023-02-21 00:22:40.625 [main] DEBUG o.h.v.i.engine.ValidatorFactoryConfigurationHelper - HV000234: Using org.hibernate.validator.internal.engine.scripting.DefaultScriptEvaluatorFactory as ValidatorFactory-scoped script evaluator factory.
2023-02-21 00:22:45.203 [http-nio-7777-exec-1] DEBUG org.mybatis.spring.SqlSessionUtils - Creating a new SqlSession
2023-02-21 00:22:45.205 [http-nio-7777-exec-2] DEBUG io.lettuce.core.RedisClient - Trying to get a Redis connection for: redis://localhost
2023-02-21 00:22:45.209 [http-nio-7777-exec-1] DEBUG org.mybatis.spring.SqlSessionUtils - SqlSession [org.apache.ibatis.session.defaults.DefaultSqlSession@36810143] was not registered for synchronization because synchronization is not active
2023-02-21 00:22:45.240 [http-nio-7777-exec-1] DEBUG com.zaxxer.hikari.HikariConfig - HikariPool-1 - configuration:
2023-02-21 00:22:45.242 [http-nio-7777-exec-1] DEBUG com.zaxxer.hikari.HikariConfig - allowPoolSuspension................................false
2023-02-21 00:22:45.242 [http-nio-7777-exec-1] DEBUG com.zaxxer.hikari.HikariConfig - autoCommit................................true
2023-02-21 00:22:45.242 [http-nio-7777-exec-1] DEBUG com.zaxxer.hikari.HikariConfig - catalog................................none
2023-02-21 00:22:45.242 [http-nio-7777-exec-1] DEBUG com.zaxxer.hikari.HikariConfig - connectionInitSql................................none
2023-02-21 00:22:45.242 [http-nio-7777-exec-1] DEBUG com.zaxxer.hikari.HikariConfig - connectionTestQuery................................none
2023-02-21 00:22:45.242 [http-nio-7777-exec-1] DEBUG com.zaxxer.hikari.HikariConfig - connectionTimeout................................30000
2023-02-21 00:22:45.242 [http-nio-7777-exec-1] DEBUG com.zaxxer.hikari.HikariConfig - dataSource................................none
2023-02-21 00:22:45.242 [http-nio-7777-exec-1] DEBUG com.zaxxer.hikari.HikariConfig - dataSourceClassName................................none
2023-02-21 00:22:45.242 [http-nio-7777-exec-1] DEBUG com.zaxxer.hikari.HikariConfig - dataSourceJNDI................................none
2023-02-21 00:22:45.243 [http-nio-7777-exec-1] DEBUG com.zaxxer.hikari.HikariConfig - dataSourceProperties................................{password=<masked>}
2023-02-21 00:22:45.243 [http-nio-7777-exec-1] DEBUG com.zaxxer.hikari.HikariConfig - driverClassName................................"com.mysql.cj.jdbc.Driver"
2023-02-21 00:22:45.243 [http-nio-7777-exec-1] DEBUG com.zaxxer.hikari.HikariConfig - exceptionOverrideClassName................................none
2023-02-21 00:22:45.243 [http-nio-7777-exec-1] DEBUG com.zaxxer.hikari.HikariConfig - healthCheckProperties................................{}
2023-02-21 00:22:45.243 [http-nio-7777-exec-1] DEBUG com.zaxxer.hikari.HikariConfig - healthCheckRegistry................................none
2023-02-21 00:22:45.243 [http-nio-7777-exec-1] DEBUG com.zaxxer.hikari.HikariConfig - idleTimeout................................600000
2023-02-21 00:22:45.243 [http-nio-7777-exec-1] DEBUG com.zaxxer.hikari.HikariConfig - initializationFailTimeout................................1
2023-02-21 00:22:45.243 [http-nio-7777-exec-1] DEBUG com.zaxxer.hikari.HikariConfig - isolateInternalQueries................................false
2023-02-21 00:22:45.243 [http-nio-7777-exec-1] DEBUG com.zaxxer.hikari.HikariConfig - jdbcUrl................................jdbc:mysql://localhost:3306/hs_blog?characterEncoding=utf-8&serverTimezone=Asia/Shanghai
2023-02-21 00:22:45.243 [http-nio-7777-exec-1] DEBUG com.zaxxer.hikari.HikariConfig - keepaliveTime................................0
2023-02-21 00:22:45.243 [http-nio-7777-exec-1] DEBUG com.zaxxer.hikari.HikariConfig - leakDetectionThreshold................................0
2023-02-21 00:22:45.243 [http-nio-7777-exec-1] DEBUG com.zaxxer.hikari.HikariConfig - maxLifetime................................1800000
2023-02-21 00:22:45.243 [http-nio-7777-exec-1] DEBUG com.zaxxer.hikari.HikariConfig - maximumPoolSize................................10
2023-02-21 00:22:45.243 [http-nio-7777-exec-1] DEBUG com.zaxxer.hikari.HikariConfig - metricRegistry................................none
2023-02-21 00:22:45.243 [http-nio-7777-exec-1] DEBUG com.zaxxer.hikari.HikariConfig - metricsTrackerFactory................................none
2023-02-21 00:22:45.243 [http-nio-7777-exec-1] DEBUG com.zaxxer.hikari.HikariConfig - minimumIdle................................10
2023-02-21 00:22:45.243 [http-nio-7777-exec-1] DEBUG com.zaxxer.hikari.HikariConfig - password................................<masked>
2023-02-21 00:22:45.243 [http-nio-7777-exec-1] DEBUG com.zaxxer.hikari.HikariConfig - poolName................................"HikariPool-1"
2023-02-21 00:22:45.243 [http-nio-7777-exec-1] DEBUG com.zaxxer.hikari.HikariConfig - readOnly................................false
2023-02-21 00:22:45.243 [http-nio-7777-exec-1] DEBUG com.zaxxer.hikari.HikariConfig - registerMbeans................................false
2023-02-21 00:22:45.243 [http-nio-7777-exec-1] DEBUG com.zaxxer.hikari.HikariConfig - scheduledExecutor................................none
2023-02-21 00:22:45.243 [http-nio-7777-exec-1] DEBUG com.zaxxer.hikari.HikariConfig - schema................................none
2023-02-21 00:22:45.243 [http-nio-7777-exec-1] DEBUG com.zaxxer.hikari.HikariConfig - threadFactory................................internal
2023-02-21 00:22:45.243 [http-nio-7777-exec-1] DEBUG com.zaxxer.hikari.HikariConfig - transactionIsolation................................default
2023-02-21 00:22:45.243 [http-nio-7777-exec-1] DEBUG com.zaxxer.hikari.HikariConfig - username................................"harrison"
2023-02-21 00:22:45.243 [http-nio-7777-exec-1] DEBUG com.zaxxer.hikari.HikariConfig - validationTimeout................................5000
2023-02-21 00:22:45.297 [http-nio-7777-exec-2] DEBUG io.netty.buffer.PooledByteBufAllocator - -Dio.netty.allocator.numHeapArenas: 32
2023-02-21 00:22:45.297 [http-nio-7777-exec-2] DEBUG io.netty.buffer.PooledByteBufAllocator - -Dio.netty.allocator.numDirectArenas: 32
2023-02-21 00:22:45.297 [http-nio-7777-exec-2] DEBUG io.netty.buffer.PooledByteBufAllocator - -Dio.netty.allocator.pageSize: 8192
2023-02-21 00:22:45.297 [http-nio-7777-exec-2] DEBUG io.netty.buffer.PooledByteBufAllocator - -Dio.netty.allocator.maxOrder: 9
2023-02-21 00:22:45.297 [http-nio-7777-exec-2] DEBUG io.netty.buffer.PooledByteBufAllocator - -Dio.netty.allocator.chunkSize: 4194304
2023-02-21 00:22:45.297 [http-nio-7777-exec-2] DEBUG io.netty.buffer.PooledByteBufAllocator - -Dio.netty.allocator.smallCacheSize: 256
2023-02-21 00:22:45.297 [http-nio-7777-exec-2] DEBUG io.netty.buffer.PooledByteBufAllocator - -Dio.netty.allocator.normalCacheSize: 64
2023-02-21 00:22:45.297 [http-nio-7777-exec-2] DEBUG io.netty.buffer.PooledByteBufAllocator - -Dio.netty.allocator.maxCachedBufferCapacity: 32768
2023-02-21 00:22:45.297 [http-nio-7777-exec-2] DEBUG io.netty.buffer.PooledByteBufAllocator - -Dio.netty.allocator.cacheTrimInterval: 8192
2023-02-21 00:22:45.297 [http-nio-7777-exec-2] DEBUG io.netty.buffer.PooledByteBufAllocator - -Dio.netty.allocator.cacheTrimIntervalMillis: 0
2023-02-21 00:22:45.297 [http-nio-7777-exec-2] DEBUG io.netty.buffer.PooledByteBufAllocator - -Dio.netty.allocator.useCacheForAllThreads: false
2023-02-21 00:22:45.297 [http-nio-7777-exec-2] DEBUG io.netty.buffer.PooledByteBufAllocator - -Dio.netty.allocator.maxCachedByteBuffersPerChunk: 1023
2023-02-21 00:22:45.305 [http-nio-7777-exec-2] DEBUG io.netty.buffer.ByteBufUtil - -Dio.netty.allocator.type: pooled
2023-02-21 00:22:45.305 [http-nio-7777-exec-2] DEBUG io.netty.buffer.ByteBufUtil - -Dio.netty.threadLocalDirectBufferSize: 0
2023-02-21 00:22:45.306 [http-nio-7777-exec-2] DEBUG io.netty.buffer.ByteBufUtil - -Dio.netty.maxThreadLocalCharBufferSize: 16384
2023-02-21 00:22:45.307 [http-nio-7777-exec-2] DEBUG io.lettuce.core.resource.KqueueProvider - Starting without optional kqueue library
2023-02-21 00:22:45.308 [http-nio-7777-exec-2] DEBUG io.lettuce.core.resource.IOUringProvider - Starting without optional io_uring library
2023-02-21 00:22:45.309 [http-nio-7777-exec-2] DEBUG io.lettuce.core.resource.EpollProvider - Starting without optional epoll library
2023-02-21 00:22:45.312 [http-nio-7777-exec-2] DEBUG i.l.core.resource.DefaultEventLoopGroupProvider - Allocating executor io.netty.channel.nio.NioEventLoopGroup
2023-02-21 00:22:45.312 [http-nio-7777-exec-2] DEBUG i.l.core.resource.DefaultEventLoopGroupProvider - Creating executor io.netty.channel.nio.NioEventLoopGroup
2023-02-21 00:22:45.312 [http-nio-7777-exec-2] DEBUG io.netty.channel.MultithreadEventLoopGroup - -Dio.netty.eventLoopThreads: 32
2023-02-21 00:22:45.314 [http-nio-7777-exec-2] DEBUG io.netty.channel.nio.NioEventLoop - -Dio.netty.noKeySetOptimization: false
2023-02-21 00:22:45.314 [http-nio-7777-exec-2] DEBUG io.netty.channel.nio.NioEventLoop - -Dio.netty.selectorAutoRebuildThreshold: 512
2023-02-21 00:22:45.325 [http-nio-7777-exec-2] DEBUG i.l.core.resource.DefaultEventLoopGroupProvider - Adding reference to io.netty.channel.nio.NioEventLoopGroup@14c06ac6, existing ref count 0
2023-02-21 00:22:45.380 [http-nio-7777-exec-2] DEBUG io.lettuce.core.RedisClient - Resolved SocketAddress localhost:6379 using redis://localhost
2023-02-21 00:22:45.381 [http-nio-7777-exec-2] DEBUG io.lettuce.core.AbstractRedisClient - Connecting to Redis at localhost:6379
2023-02-21 00:22:45.387 [http-nio-7777-exec-2] DEBUG io.netty.channel.DefaultChannelId - -Dio.netty.processId: 1288 (auto-detected)
2023-02-21 00:22:45.388 [http-nio-7777-exec-2] DEBUG io.netty.util.NetUtil - -Djava.net.preferIPv4Stack: false
2023-02-21 00:22:45.388 [http-nio-7777-exec-2] DEBUG io.netty.util.NetUtil - -Djava.net.preferIPv6Addresses: false
2023-02-21 00:22:45.451 [http-nio-7777-exec-1] DEBUG com.zaxxer.hikari.pool.HikariPool - HikariPool-1 - Added connection com.mysql.cj.jdbc.ConnectionImpl@4616f98a
2023-02-21 00:22:45.456 [http-nio-7777-exec-1] DEBUG o.m.spring.transaction.SpringManagedTransaction - JDBC Connection [HikariProxyConnection@1436951650 wrapping com.mysql.cj.jdbc.ConnectionImpl@4616f98a] will not be managed by Spring
2023-02-21 00:22:45.459 [http-nio-7777-exec-1] DEBUG com.harrison.mapper.ArticleMapper.selectList - ==>  Preparing: SELECT id,title,content,summary,category_id,thumbnail,is_top,status,view_count,is_comment,create_by,create_time,update_by,update_time,del_flag FROM hs_article WHERE del_flag=0 AND (status = ?)
2023-02-21 00:22:45.477 [http-nio-7777-exec-1] DEBUG com.harrison.mapper.ArticleMapper.selectList - ==> Parameters: 0(Integer)
2023-02-21 00:22:45.496 [http-nio-7777-exec-1] DEBUG com.harrison.mapper.ArticleMapper.selectList - <==      Total: 2
2023-02-21 00:22:45.499 [http-nio-7777-exec-1] DEBUG org.mybatis.spring.SqlSessionUtils - Closing non transactional SqlSession [org.apache.ibatis.session.defaults.DefaultSqlSession@36810143]
2023-02-21 00:22:45.501 [http-nio-7777-exec-1] DEBUG org.mybatis.spring.SqlSessionUtils - Creating a new SqlSession
2023-02-21 00:22:45.501 [http-nio-7777-exec-1] DEBUG org.mybatis.spring.SqlSessionUtils - SqlSession [org.apache.ibatis.session.defaults.DefaultSqlSession@5e2da7e6] was not registered for synchronization because synchronization is not active
2023-02-21 00:22:45.502 [http-nio-7777-exec-1] DEBUG o.m.spring.transaction.SpringManagedTransaction - JDBC Connection [HikariProxyConnection@133072838 wrapping com.mysql.cj.jdbc.ConnectionImpl@4616f98a] will not be managed by Spring
2023-02-21 00:22:45.502 [http-nio-7777-exec-1] DEBUG com.harrison.mapper.CategoryMapper.selectBatchIds - ==>  Preparing: SELECT id,name,pid,description,status,create_by,create_time,update_by,update_time,del_flag FROM hs_category WHERE id IN ( ? , ? ) AND del_flag=0
2023-02-21 00:22:45.503 [http-nio-7777-exec-1] DEBUG com.harrison.mapper.CategoryMapper.selectBatchIds - ==> Parameters: 1(Long), 2(Long)
2023-02-21 00:22:45.505 [http-nio-7777-exec-1] DEBUG com.harrison.mapper.CategoryMapper.selectBatchIds - <==      Total: 2
2023-02-21 00:22:45.505 [http-nio-7777-exec-1] DEBUG org.mybatis.spring.SqlSessionUtils - Closing non transactional SqlSession [org.apache.ibatis.session.defaults.DefaultSqlSession@5e2da7e6]
2023-02-21 00:22:45.554 [HikariPool-1 housekeeper] DEBUG com.zaxxer.hikari.pool.HikariPool - HikariPool-1 - Pool stats (total=1, active=0, idle=1, waiting=0)
2023-02-21 00:22:45.557 [http-nio-7777-exec-2] DEBUG io.netty.util.NetUtilInitializations - Loopback interface: lo (Software Loopback Interface 1, 127.0.0.1)
2023-02-21 00:22:45.558 [http-nio-7777-exec-2] DEBUG io.netty.util.NetUtil - Failed to get SOMAXCONN from sysctl and file \proc\sys\net\core\somaxconn. Default: 200
2023-02-21 00:22:45.569 [HikariPool-1 connection adder] DEBUG com.zaxxer.hikari.pool.HikariPool - HikariPool-1 - Added connection com.mysql.cj.jdbc.ConnectionImpl@6f6e7369
2023-02-21 00:22:45.570 [http-nio-7777-exec-2] DEBUG io.netty.channel.DefaultChannelId - -Dio.netty.machineId: f4:b3:01:ff:fe:19:45:10 (auto-detected)
2023-02-21 00:22:45.582 [HikariPool-1 connection adder] DEBUG com.zaxxer.hikari.pool.HikariPool - HikariPool-1 - Added connection com.mysql.cj.jdbc.ConnectionImpl@2e537952
2023-02-21 00:22:45.595 [HikariPool-1 connection adder] DEBUG com.zaxxer.hikari.pool.HikariPool - HikariPool-1 - Added connection com.mysql.cj.jdbc.ConnectionImpl@4e7c861d
2023-02-21 00:22:45.605 [lettuce-nioEventLoop-4-1] DEBUG io.lettuce.core.protocol.CommandHandler - [channel=0x8d05bb52, [id: 0xe5d23aea] (inactive), epid=0x1, chid=0x1] channelRegistered()
2023-02-21 00:22:45.607 [lettuce-nioEventLoop-4-1] DEBUG io.netty.util.Recycler - -Dio.netty.recycler.maxCapacityPerThread: 4096
2023-02-21 00:22:45.607 [lettuce-nioEventLoop-4-1] DEBUG io.netty.util.Recycler - -Dio.netty.recycler.ratio: 8
2023-02-21 00:22:45.607 [lettuce-nioEventLoop-4-1] DEBUG io.netty.util.Recycler - -Dio.netty.recycler.chunkSize: 32
2023-02-21 00:22:45.607 [lettuce-nioEventLoop-4-1] DEBUG io.netty.util.Recycler - -Dio.netty.recycler.blocking: false
2023-02-21 00:22:45.609 [HikariPool-1 connection adder] DEBUG com.zaxxer.hikari.pool.HikariPool - HikariPool-1 - Added connection com.mysql.cj.jdbc.ConnectionImpl@1c36067a
2023-02-21 00:22:45.613 [lettuce-nioEventLoop-4-1] DEBUG io.netty.buffer.AbstractByteBuf - -Dio.netty.buffer.checkAccessible: true
2023-02-21 00:22:45.615 [lettuce-nioEventLoop-4-1] DEBUG io.netty.buffer.AbstractByteBuf - -Dio.netty.buffer.checkBounds: true
2023-02-21 00:22:45.615 [lettuce-nioEventLoop-4-1] DEBUG io.netty.util.ResourceLeakDetectorFactory - Loaded default ResourceLeakDetector: io.netty.util.ResourceLeakDetector@698ddc3
2023-02-21 00:22:45.620 [HikariPool-1 connection adder] DEBUG com.zaxxer.hikari.pool.HikariPool - HikariPool-1 - Added connection com.mysql.cj.jdbc.ConnectionImpl@4a323cd0
2023-02-21 00:22:45.629 [lettuce-nioEventLoop-4-1] DEBUG io.lettuce.core.protocol.CommandHandler - [channel=0x8d05bb52, /127.0.0.1:62568 -> localhost/127.0.0.1:6379, epid=0x1, chid=0x1] write(ctx, AsyncCommand [type=HELLO, output=GenericMapOutput [output=null, error='null'], commandType=io.lettuce.core.protocol.Command], promise)
2023-02-21 00:22:45.631 [lettuce-nioEventLoop-4-1] DEBUG io.lettuce.core.protocol.CommandEncoder - [channel=0x8d05bb52, /127.0.0.1:62568 -> localhost/127.0.0.1:6379] writing command AsyncCommand [type=HELLO, output=GenericMapOutput [output=null, error='null'], commandType=io.lettuce.core.protocol.Command]
2023-02-21 00:22:45.631 [HikariPool-1 connection adder] DEBUG com.zaxxer.hikari.pool.HikariPool - HikariPool-1 - Added connection com.mysql.cj.jdbc.ConnectionImpl@2b9816e0
2023-02-21 00:22:45.635 [lettuce-nioEventLoop-4-1] DEBUG io.lettuce.core.protocol.CommandHandler - [channel=0x8d05bb52, /127.0.0.1:62568 -> localhost/127.0.0.1:6379, epid=0x1, chid=0x1] Received: 63 bytes, 1 commands in the stack
2023-02-21 00:22:45.635 [lettuce-nioEventLoop-4-1] DEBUG io.lettuce.core.protocol.CommandHandler - [channel=0x8d05bb52, /127.0.0.1:62568 -> localhost/127.0.0.1:6379, epid=0x1, chid=0x1] Stack contains: 1 commands
2023-02-21 00:22:45.637 [lettuce-nioEventLoop-4-1] DEBUG io.lettuce.core.protocol.RedisStateMachine - Decode done, empty stack: true
2023-02-21 00:22:45.637 [lettuce-nioEventLoop-4-1] DEBUG io.lettuce.core.protocol.CommandHandler - [channel=0x8d05bb52, /127.0.0.1:62568 -> localhost/127.0.0.1:6379, epid=0x1, chid=0x1] Completing command AsyncCommand [type=HELLO, output=GenericMapOutput [output=null, error='ERR unknown command `HELLO`, with args beginning with: `3`, '], commandType=io.lettuce.core.protocol.Command]
2023-02-21 00:22:45.638 [lettuce-nioEventLoop-4-1] DEBUG io.lettuce.core.protocol.CommandHandler - [channel=0x8d05bb52, /127.0.0.1:62568 -> localhost/127.0.0.1:6379, epid=0x1, chid=0x1] write(ctx, AsyncCommand [type=PING, output=StatusOutput [output=null, error='null'], commandType=io.lettuce.core.protocol.Command], promise)
2023-02-21 00:22:45.638 [lettuce-nioEventLoop-4-1] DEBUG io.lettuce.core.protocol.CommandEncoder - [channel=0x8d05bb52, /127.0.0.1:62568 -> localhost/127.0.0.1:6379] writing command AsyncCommand [type=PING, output=StatusOutput [output=null, error='null'], commandType=io.lettuce.core.protocol.Command]
2023-02-21 00:22:45.638 [lettuce-nioEventLoop-4-1] DEBUG io.lettuce.core.protocol.CommandHandler - [channel=0x8d05bb52, /127.0.0.1:62568 -> localhost/127.0.0.1:6379, epid=0x1, chid=0x1] Received: 7 bytes, 1 commands in the stack
2023-02-21 00:22:45.638 [lettuce-nioEventLoop-4-1] DEBUG io.lettuce.core.protocol.CommandHandler - [channel=0x8d05bb52, /127.0.0.1:62568 -> localhost/127.0.0.1:6379, epid=0x1, chid=0x1] Stack contains: 1 commands
2023-02-21 00:22:45.638 [lettuce-nioEventLoop-4-1] DEBUG io.lettuce.core.protocol.RedisStateMachine - Decode done, empty stack: true
2023-02-21 00:22:45.639 [lettuce-nioEventLoop-4-1] DEBUG io.lettuce.core.protocol.CommandHandler - [channel=0x8d05bb52, /127.0.0.1:62568 -> localhost/127.0.0.1:6379, epid=0x1, chid=0x1] Completing command AsyncCommand [type=PING, output=StatusOutput [output=PONG, error='null'], commandType=io.lettuce.core.protocol.Command]
2023-02-21 00:22:45.639 [lettuce-nioEventLoop-4-1] DEBUG io.lettuce.core.protocol.CommandHandler - [channel=0x8d05bb52, /127.0.0.1:62568 -> localhost/127.0.0.1:6379, epid=0x1, chid=0x1] channelActive()
2023-02-21 00:22:45.639 [lettuce-nioEventLoop-4-1] DEBUG io.lettuce.core.protocol.DefaultEndpoint - [channel=0x8d05bb52, /127.0.0.1:62568 -> localhost/127.0.0.1:6379, epid=0x1] activateEndpointAndExecuteBufferedCommands 0 command(s) buffered
2023-02-21 00:22:45.639 [lettuce-nioEventLoop-4-1] DEBUG io.lettuce.core.protocol.DefaultEndpoint - [channel=0x8d05bb52, /127.0.0.1:62568 -> localhost/127.0.0.1:6379, epid=0x1] activating endpoint
2023-02-21 00:22:45.639 [lettuce-nioEventLoop-4-1] DEBUG io.lettuce.core.protocol.DefaultEndpoint - [channel=0x8d05bb52, /127.0.0.1:62568 -> localhost/127.0.0.1:6379, epid=0x1] flushCommands()
2023-02-21 00:22:45.639 [lettuce-nioEventLoop-4-1] DEBUG io.lettuce.core.protocol.DefaultEndpoint - [channel=0x8d05bb52, /127.0.0.1:62568 -> localhost/127.0.0.1:6379, epid=0x1] flushCommands() Flushing 0 commands
2023-02-21 00:22:45.641 [HikariPool-1 connection adder] DEBUG com.zaxxer.hikari.pool.HikariPool - HikariPool-1 - Added connection com.mysql.cj.jdbc.ConnectionImpl@52475c04
2023-02-21 00:22:45.641 [lettuce-nioEventLoop-4-1] DEBUG io.lettuce.core.protocol.ConnectionWatchdog - [channel=0x8d05bb52, /127.0.0.1:62568 -> localhost/127.0.0.1:6379, last known addr=localhost/127.0.0.1:6379] channelActive()
2023-02-21 00:22:45.641 [lettuce-nioEventLoop-4-1] DEBUG io.lettuce.core.protocol.CommandHandler - [channel=0x8d05bb52, /127.0.0.1:62568 -> localhost/127.0.0.1:6379, epid=0x1, chid=0x1] channelActive() done
2023-02-21 00:22:45.641 [lettuce-nioEventLoop-4-1] DEBUG io.lettuce.core.AbstractRedisClient - Connecting to Redis at localhost:6379: Success
2023-02-21 00:22:45.645 [http-nio-7777-exec-2] DEBUG io.lettuce.core.RedisChannelHandler - dispatching command AsyncCommand [type=GET, output=ValueOutput [output=null, error='null'], commandType=io.lettuce.core.protocol.Command]
2023-02-21 00:22:45.646 [http-nio-7777-exec-2] DEBUG io.lettuce.core.protocol.DefaultEndpoint - [channel=0x8d05bb52, /127.0.0.1:62568 -> localhost/127.0.0.1:6379, epid=0x1] write() writeAndFlush command AsyncCommand [type=GET, output=ValueOutput [output=null, error='null'], commandType=io.lettuce.core.protocol.Command]
2023-02-21 00:22:45.647 [lettuce-nioEventLoop-4-1] DEBUG io.lettuce.core.protocol.CommandHandler - [channel=0x8d05bb52, /127.0.0.1:62568 -> localhost/127.0.0.1:6379, epid=0x1, chid=0x1] write(ctx, AsyncCommand [type=GET, output=ValueOutput [output=null, error='null'], commandType=io.lettuce.core.protocol.Command], promise)
2023-02-21 00:22:45.648 [lettuce-nioEventLoop-4-1] DEBUG io.lettuce.core.protocol.CommandEncoder - [channel=0x8d05bb52, /127.0.0.1:62568 -> localhost/127.0.0.1:6379] writing command AsyncCommand [type=GET, output=ValueOutput [output=null, error='null'], commandType=io.lettuce.core.protocol.Command]
2023-02-21 00:22:45.648 [http-nio-7777-exec-2] DEBUG io.lettuce.core.protocol.DefaultEndpoint - [channel=0x8d05bb52, /127.0.0.1:62568 -> localhost/127.0.0.1:6379, epid=0x1] write() done
2023-02-21 00:22:45.648 [lettuce-nioEventLoop-4-1] DEBUG io.lettuce.core.protocol.CommandHandler - [channel=0x8d05bb52, /127.0.0.1:62568 -> localhost/127.0.0.1:6379, epid=0x1, chid=0x1] Received: 551 bytes, 1 commands in the stack
2023-02-21 00:22:45.648 [lettuce-nioEventLoop-4-1] DEBUG io.lettuce.core.protocol.CommandHandler - [channel=0x8d05bb52, /127.0.0.1:62568 -> localhost/127.0.0.1:6379, epid=0x1, chid=0x1] Stack contains: 1 commands
2023-02-21 00:22:45.648 [lettuce-nioEventLoop-4-1] DEBUG io.lettuce.core.protocol.RedisStateMachine - Decode done, empty stack: true
2023-02-21 00:22:45.648 [lettuce-nioEventLoop-4-1] DEBUG io.lettuce.core.protocol.CommandHandler - [channel=0x8d05bb52, /127.0.0.1:62568 -> localhost/127.0.0.1:6379, epid=0x1, chid=0x1] Completing command AsyncCommand [type=GET, output=ValueOutput [output=[B@737b1703, error='null'], commandType=io.lettuce.core.protocol.Command]
2023-02-21 00:22:45.651 [HikariPool-1 connection adder] DEBUG com.zaxxer.hikari.pool.HikariPool - HikariPool-1 - Added connection com.mysql.cj.jdbc.ConnectionImpl@72407269
2023-02-21 00:22:45.661 [HikariPool-1 connection adder] DEBUG com.zaxxer.hikari.pool.HikariPool - HikariPool-1 - Added connection com.mysql.cj.jdbc.ConnectionImpl@3838cae7
2023-02-21 00:22:45.661 [HikariPool-1 connection adder] DEBUG com.zaxxer.hikari.pool.HikariPool - HikariPool-1 - After adding stats (total=10, active=0, idle=10, waiting=0)
2023-02-21 00:22:45.682 [http-nio-7777-exec-2] DEBUG org.mybatis.spring.SqlSessionUtils - Creating a new SqlSession
2023-02-21 00:22:45.682 [http-nio-7777-exec-2] DEBUG org.mybatis.spring.SqlSessionUtils - SqlSession [org.apache.ibatis.session.defaults.DefaultSqlSession@5347a1fa] was not registered for synchronization because synchronization is not active
2023-02-21 00:22:45.683 [http-nio-7777-exec-2] DEBUG o.m.spring.transaction.SpringManagedTransaction - JDBC Connection [HikariProxyConnection@1866392154 wrapping com.mysql.cj.jdbc.ConnectionImpl@4616f98a] will not be managed by Spring
2023-02-21 00:22:45.683 [http-nio-7777-exec-2] DEBUG com.harrison.mapper.UserMapper.selectById - ==>  Preparing: SELECT id,user_name,nick_name,password,type,status,email,phonenumber,sex,avatar,create_by,create_time,update_by,update_time,del_flag FROM sys_user WHERE id=? AND del_flag=0
2023-02-21 00:22:45.683 [http-nio-7777-exec-2] DEBUG com.harrison.mapper.UserMapper.selectById - ==> Parameters: 14787164048670(Long)
2023-02-21 00:22:45.685 [http-nio-7777-exec-2] DEBUG com.harrison.mapper.UserMapper.selectById - <==      Total: 1
2023-02-21 00:22:45.686 [http-nio-7777-exec-2] DEBUG org.mybatis.spring.SqlSessionUtils - Closing non transactional SqlSession [org.apache.ibatis.session.defaults.DefaultSqlSession@5347a1fa]
2023-02-21 00:23:15.561 [HikariPool-1 housekeeper] DEBUG com.zaxxer.hikari.pool.HikariPool - HikariPool-1 - Pool stats (total=10, active=0, idle=10, waiting=0)
2023-02-21 00:23:15.561 [HikariPool-1 housekeeper] DEBUG com.zaxxer.hikari.pool.HikariPool - HikariPool-1 - Fill pool skipped, pool is at sufficient level.
2023-02-21 00:23:32.167 [SpringApplicationShutdownHook] DEBUG com.zaxxer.hikari.pool.HikariPool - HikariPool-1 - Before shutdown stats (total=10, active=0, idle=10, waiting=0)
2023-02-21 00:23:32.167 [HikariPool-1 connection closer] DEBUG com.zaxxer.hikari.pool.PoolBase - HikariPool-1 - Closing connection com.mysql.cj.jdbc.ConnectionImpl@4616f98a: (connection evicted)
2023-02-21 00:23:32.169 [HikariPool-1 connection closer] DEBUG com.zaxxer.hikari.pool.PoolBase - HikariPool-1 - Closing connection com.mysql.cj.jdbc.ConnectionImpl@6f6e7369: (connection evicted)
2023-02-21 00:23:32.171 [HikariPool-1 connection closer] DEBUG com.zaxxer.hikari.pool.PoolBase - HikariPool-1 - Closing connection com.mysql.cj.jdbc.ConnectionImpl@2e537952: (connection evicted)
2023-02-21 00:23:32.172 [HikariPool-1 connection closer] DEBUG com.zaxxer.hikari.pool.PoolBase - HikariPool-1 - Closing connection com.mysql.cj.jdbc.ConnectionImpl@4e7c861d: (connection evicted)
2023-02-21 00:23:32.172 [HikariPool-1 connection closer] DEBUG com.zaxxer.hikari.pool.PoolBase - HikariPool-1 - Closing connection com.mysql.cj.jdbc.ConnectionImpl@1c36067a: (connection evicted)
2023-02-21 00:23:32.173 [HikariPool-1 connection closer] DEBUG com.zaxxer.hikari.pool.PoolBase - HikariPool-1 - Closing connection com.mysql.cj.jdbc.ConnectionImpl@4a323cd0: (connection evicted)
2023-02-21 00:23:32.174 [HikariPool-1 connection closer] DEBUG com.zaxxer.hikari.pool.PoolBase - HikariPool-1 - Closing connection com.mysql.cj.jdbc.ConnectionImpl@2b9816e0: (connection evicted)
2023-02-21 00:23:32.175 [HikariPool-1 connection closer] DEBUG com.zaxxer.hikari.pool.PoolBase - HikariPool-1 - Closing connection com.mysql.cj.jdbc.ConnectionImpl@52475c04: (connection evicted)
2023-02-21 00:23:32.176 [HikariPool-1 connection closer] DEBUG com.zaxxer.hikari.pool.PoolBase - HikariPool-1 - Closing connection com.mysql.cj.jdbc.ConnectionImpl@72407269: (connection evicted)
2023-02-21 00:23:32.176 [HikariPool-1 connection closer] DEBUG com.zaxxer.hikari.pool.PoolBase - HikariPool-1 - Closing connection com.mysql.cj.jdbc.ConnectionImpl@3838cae7: (connection evicted)
2023-02-21 00:23:32.177 [SpringApplicationShutdownHook] DEBUG com.zaxxer.hikari.pool.HikariPool - HikariPool-1 - After shutdown stats (total=0, active=0, idle=0, waiting=0)
2023-02-21 00:23:32.179 [SpringApplicationShutdownHook] DEBUG io.lettuce.core.RedisChannelHandler - closeAsync()
2023-02-21 00:23:32.179 [SpringApplicationShutdownHook] DEBUG io.lettuce.core.protocol.DefaultEndpoint - [channel=0x8d05bb52, /127.0.0.1:62568 -> localhost/127.0.0.1:6379, epid=0x1] closeAsync()
2023-02-21 00:23:32.180 [SpringApplicationShutdownHook] DEBUG io.lettuce.core.AbstractRedisClient - Initiate shutdown (100, 100, MILLISECONDS)
2023-02-21 00:23:32.182 [lettuce-nioEventLoop-4-1] DEBUG io.lettuce.core.protocol.CommandHandler - [channel=0x8d05bb52, /127.0.0.1:62568 -> localhost/127.0.0.1:6379, epid=0x1, chid=0x1] channelInactive()
2023-02-21 00:23:32.183 [lettuce-nioEventLoop-4-1] DEBUG io.lettuce.core.protocol.DefaultEndpoint - [channel=0x8d05bb52, /127.0.0.1:62568 -> localhost/127.0.0.1:6379, epid=0x1] deactivating endpoint handler
2023-02-21 00:23:32.183 [lettuce-nioEventLoop-4-1] DEBUG io.lettuce.core.protocol.CommandHandler - [channel=0x8d05bb52, /127.0.0.1:62568 -> localhost/127.0.0.1:6379, epid=0x1, chid=0x1] channelInactive() done
2023-02-21 00:23:32.183 [SpringApplicationShutdownHook] DEBUG i.l.core.resource.DefaultEventLoopGroupProvider - Release executor io.netty.channel.nio.NioEventLoopGroup@14c06ac6
2023-02-21 00:23:32.184 [lettuce-nioEventLoop-4-1] DEBUG io.lettuce.core.protocol.ConnectionWatchdog - [channel=0x8d05bb52, /127.0.0.1:62568 -> localhost/127.0.0.1:6379, last known addr=localhost/127.0.0.1:6379] channelInactive()
2023-02-21 00:23:32.184 [lettuce-nioEventLoop-4-1] DEBUG io.lettuce.core.protocol.ConnectionWatchdog - [channel=0x8d05bb52, /127.0.0.1:62568 -> localhost/127.0.0.1:6379, last known addr=localhost/127.0.0.1:6379] Reconnect scheduling disabled
2023-02-21 00:23:32.184 [lettuce-nioEventLoop-4-1] DEBUG io.lettuce.core.protocol.CommandHandler - [channel=0x8d05bb52, /127.0.0.1:62568 -> localhost/127.0.0.1:6379, epid=0x1, chid=0x1] channelUnregistered()
2023-02-21 00:23:32.295 [lettuce-nioEventLoop-4-1] DEBUG io.netty.buffer.PoolThreadCache - Freed 5 thread-local buffer(s) from thread: lettuce-nioEventLoop-4-1
2023-02-21 00:23:32.297 [SpringApplicationShutdownHook] DEBUG io.lettuce.core.resource.DefaultClientResources - Initiate shutdown (0, 2, SECONDS)
2023-02-21 00:23:32.299 [SpringApplicationShutdownHook] DEBUG i.l.core.resource.DefaultEventLoopGroupProvider - Initiate shutdown (0, 2, SECONDS)
