2023-02-21 00:22:38.369 [main] INFO  com.harrison.MyBlogApplication - Starting MyBlogApplication using Java 11.0.2 on Harrison-laptop with PID 1288 (D:\code\java_study\Harrison-Blog\my-blog\target\classes started by hongs in D:\code\java_study\Harrison-Blog)
2023-02-21 00:22:38.370 [background-preinit] INFO  org.hibernate.validator.internal.util.Version - HV000001: Hibernate Validator 6.2.5.Final
2023-02-21 00:22:38.371 [main] INFO  com.harrison.MyBlogApplication - No active profile set, falling back to 1 default profile: "default"
2023-02-21 00:22:38.854 [main] INFO  o.s.d.r.config.RepositoryConfigurationDelegate - Multiple Spring Data modules found, entering strict repository configuration mode
2023-02-21 00:22:38.855 [main] INFO  o.s.d.r.config.RepositoryConfigurationDelegate - Bootstrapping Spring Data Redis repositories in DEFAULT mode.
2023-02-21 00:22:38.882 [main] INFO  o.s.d.r.config.RepositoryConfigurationDelegate - Finished Spring Data repository scanning in 13 ms. Found 0 Redis repository interfaces.
2023-02-21 00:22:39.355 [main] INFO  o.s.boot.web.embedded.tomcat.TomcatWebServer - Tomcat initialized with port(s): 7777 (http)
2023-02-21 00:22:39.361 [main] INFO  org.apache.coyote.http11.Http11NioProtocol - Initializing ProtocolHandler ["http-nio-7777"]
2023-02-21 00:22:39.362 [main] INFO  org.apache.catalina.core.StandardService - Starting service [Tomcat]
2023-02-21 00:22:39.362 [main] INFO  org.apache.catalina.core.StandardEngine - Starting Servlet engine: [Apache Tomcat/9.0.71]
2023-02-21 00:22:39.500 [main] INFO  o.a.c.core.ContainerBase.[Tomcat].[localhost].[/] - Initializing Spring embedded WebApplicationContext
2023-02-21 00:22:39.501 [main] INFO  o.s.b.w.s.c.ServletWebServerApplicationContext - Root WebApplicationContext: initialization completed in 1101 ms
2023-02-21 00:22:40.616 [main] INFO  o.s.security.web.DefaultSecurityFilterChain - Will secure any request with [org.springframework.security.web.session.DisableEncodeUrlFilter@4392362c, org.springframework.security.web.context.request.async.WebAsyncManagerIntegrationFilter@338a4c61, org.springframework.security.web.context.SecurityContextPersistenceFilter@6c830ebd, org.springframework.security.web.header.HeaderWriterFilter@4a122e68, org.springframework.web.filter.CorsFilter@839755f, com.harrison.filter.JwtAuthenticationTokenFilter@5c234920, org.springframework.security.web.savedrequest.RequestCacheAwareFilter@4a336377, org.springframework.security.web.servletapi.SecurityContextHolderAwareRequestFilter@65af05b2, org.springframework.security.web.authentication.AnonymousAuthenticationFilter@71d99732, org.springframework.security.web.session.SessionManagementFilter@52657d5f, org.springframework.security.web.access.ExceptionTranslationFilter@72f3f14c, org.springframework.security.web.access.intercept.FilterSecurityInterceptor@4809c771]
2023-02-21 00:22:40.853 [main] INFO  org.apache.coyote.http11.Http11NioProtocol - Starting ProtocolHandler ["http-nio-7777"]
2023-02-21 00:22:40.867 [main] INFO  o.s.boot.web.embedded.tomcat.TomcatWebServer - Tomcat started on port(s): 7777 (http) with context path ''
2023-02-21 00:22:40.876 [main] INFO  com.harrison.MyBlogApplication - Started MyBlogApplication in 2.822 seconds (JVM running for 3.645)
2023-02-21 00:22:45.098 [http-nio-7777-exec-1] INFO  o.a.c.core.ContainerBase.[Tomcat].[localhost].[/] - Initializing Spring DispatcherServlet 'dispatcherServlet'
2023-02-21 00:22:45.098 [http-nio-7777-exec-1] INFO  org.springframework.web.servlet.DispatcherServlet - Initializing Servlet 'dispatcherServlet'
2023-02-21 00:22:45.100 [http-nio-7777-exec-1] INFO  org.springframework.web.servlet.DispatcherServlet - Completed initialization in 2 ms
2023-02-21 00:22:45.245 [http-nio-7777-exec-1] INFO  com.zaxxer.hikari.HikariDataSource - HikariPool-1 - Starting...
2023-02-21 00:22:45.453 [http-nio-7777-exec-1] INFO  com.zaxxer.hikari.HikariDataSource - HikariPool-1 - Start completed.
2023-02-21 00:22:45.674 [http-nio-7777-exec-2] INFO  com.harrison.aspect.LogAspect - =======Start=======
2023-02-21 00:22:45.675 [http-nio-7777-exec-2] INFO  com.harrison.aspect.LogAspect - URL            : http://localhost:7777/user/userInfo
2023-02-21 00:22:45.675 [http-nio-7777-exec-2] INFO  com.harrison.aspect.LogAspect - BusinessName   : 获取用户信息
2023-02-21 00:22:45.675 [http-nio-7777-exec-2] INFO  com.harrison.aspect.LogAspect - HTTP Method    : GET
2023-02-21 00:22:45.675 [http-nio-7777-exec-2] INFO  com.harrison.aspect.LogAspect - Class Method   : com.harrison.controller.UserController.getUserInfo
2023-02-21 00:22:45.675 [http-nio-7777-exec-2] INFO  com.harrison.aspect.LogAspect - IP             : 0:0:0:0:0:0:0:1
2023-02-21 00:22:45.676 [http-nio-7777-exec-2] INFO  com.harrison.aspect.LogAspect - Request Args   : []
2023-02-21 00:22:45.695 [http-nio-7777-exec-2] INFO  com.harrison.aspect.LogAspect - Response       : {"code":200,"data":{"email":"sdfsdf@gmail.com","id":14787164048670,"nickName":"硕哥"},"msg":"操作成功"}
2023-02-21 00:22:45.695 [http-nio-7777-exec-2] INFO  com.harrison.aspect.LogAspect - ========End========

2023-02-21 00:23:32.167 [SpringApplicationShutdownHook] INFO  com.zaxxer.hikari.HikariDataSource - HikariPool-1 - Shutdown initiated...
2023-02-21 00:23:32.177 [SpringApplicationShutdownHook] INFO  com.zaxxer.hikari.HikariDataSource - HikariPool-1 - Shutdown completed.
